<?xml version="1.0" encoding="UTF-8"?>
<!-- Generated by org.testng.reporters.JUnitReportReporter -->
<testsuite hostname="Ajay" failures="0" tests="1" name="com.vtiger.assignment.leadtest.CreatNewLeadBySelectingLeadSourceTest" time="22.823" errors="0" timestamp="2021-08-22T22:55:27 IST" skipped="0">
  <testcase classname="com.vtiger.assignment.leadtest.CreatNewLeadBySelectingLeadSourceTest" name="CreatLeadDiffLeadSrcTest" time="22.823"/>
  <system-out/>
</testsuite> <!-- com.vtiger.assignment.leadtest.CreatNewLeadBySelectingLeadSourceTest -->
