<?xml version="1.0" encoding="UTF-8"?>
<!-- Generated by org.testng.reporters.JUnitReportReporter -->
<testsuite hostname="Ajay" failures="0" tests="2" name="com.vtiger.tskescreenshot.organiztion.ScreenShot" time="15.527" errors="0" timestamp="2021-08-25T13:09:03 IST" skipped="0">
  <testcase classname="com.vtiger.tskescreenshot.organiztion.ScreenShot" name="getHomeTitle" time="9.613"/>
  <system-out/>
  <testcase classname="com.vtiger.tskescreenshot.organiztion.ScreenShot" name="getOrgTitle" time="5.914"/>
  <system-out/>
</testsuite> <!-- com.vtiger.tskescreenshot.organiztion.ScreenShot -->
