<?xml version="1.0" encoding="UTF-8"?>
<!-- Generated by org.testng.reporters.JUnitReportReporter -->
<testsuite hostname="Ajay" failures="0" tests="1" name="com.vtiger.assignment.leadtest.CreatNewLead" time="14.503" errors="0" timestamp="2021-08-24T13:12:29 IST" skipped="0">
  <testcase classname="com.vtiger.assignment.leadtest.CreatNewLead" name="CreatLeadDiffLeadSrcTest" time="14.503"/>
  <system-out/>
</testsuite> <!-- com.vtiger.assignment.leadtest.CreatNewLead -->
