<?xml version="1.0" encoding="UTF-8"?>
<!-- Generated by org.testng.reporters.JUnitReportReporter -->
<testsuite hostname="Ajay" failures="0" tests="1" name="com.vtiger.assignment.leadtest.CreatNewLeadbyKeepAllTheFieldBlankAndSaveTest" time="17.362" errors="0" timestamp="2021-08-23T15:58:11 IST" skipped="0">
  <testcase classname="com.vtiger.assignment.leadtest.CreatNewLeadbyKeepAllTheFieldBlankAndSaveTest" name="createLeadAllFieldBlankTest" time="17.362"/>
  <system-out/>
</testsuite> <!-- com.vtiger.assignment.leadtest.CreatNewLeadbyKeepAllTheFieldBlankAndSaveTest -->
