<?xml version="1.0" encoding="UTF-8"?>
<!-- Generated by org.testng.reporters.JUnitReportReporter -->
<testsuite hostname="Ajay" failures="0" tests="1" name="com.vtiger.leadtest.createlead.ConvertLeadToOpprotunity" time="21.326" errors="0" timestamp="2021-08-26T10:25:41 IST" skipped="0">
  <testcase classname="com.vtiger.leadtest.createlead.ConvertLeadToOpprotunity" name="ConvertLeadToOpertunitiesBySelectingOnlyOrganisationChekbox" time="21.326"/>
  <system-out/>
</testsuite> <!-- com.vtiger.leadtest.createlead.ConvertLeadToOpprotunity -->
