<?xml version="1.0" encoding="UTF-8"?>
<!-- Generated by org.testng.reporters.JUnitReportReporter -->
<testsuite hostname="Ajay" failures="0" tests="1" name="com.vtiger.newlead.leadtest.TestNGDemo" time="0.019" errors="0" timestamp="2021-08-19T17:49:26 IST" skipped="0">
  <testcase classname="com.vtiger.newlead.leadtest.TestNGDemo" name="Rain" time="0.019"/>
  <system-out/>
</testsuite> <!-- com.vtiger.newlead.leadtest.TestNGDemo -->
