<?xml version="1.0" encoding="UTF-8"?>
<!-- Generated by org.testng.reporters.JUnitReportReporter -->
<testsuite hostname="Ajay" failures="0" tests="4" name="com.practice.SampleTestNG" time="0.011" errors="0" timestamp="2021-08-23T21:19:35 IST" skipped="0">
  <testcase classname="com.practice.SampleTestNG" name="bookTicket" time="0.002"/>
  <system-out/>
  <testcase classname="com.practice.SampleTestNG" name="bookTicket" time="0.006"/>
  <system-out/>
  <testcase classname="com.practice.SampleTestNG" name="bookTicket" time="0.002"/>
  <system-out/>
  <testcase classname="com.practice.SampleTestNG" name="bookTicket" time="0.001"/>
  <system-out/>
</testsuite> <!-- com.practice.SampleTestNG -->
