<?xml version="1.0" encoding="UTF-8"?>
<!-- Generated by org.testng.reporters.JUnitReportReporter -->
<testsuite hostname="Ajay" failures="0" tests="1" name="com.vtiger.assignment.leadtest.CreatNewLeadByLeavingMandatoryFieldsBlankTest" time="15.128" errors="0" timestamp="2021-08-22T22:44:59 IST" skipped="0">
  <testcase classname="com.vtiger.assignment.leadtest.CreatNewLeadByLeavingMandatoryFieldsBlankTest" name="creatLeadLeavingMandatoryFieldTest" time="15.128"/>
  <system-out/>
</testsuite> <!-- com.vtiger.assignment.leadtest.CreatNewLeadByLeavingMandatoryFieldsBlankTest -->
