<?xml version="1.0" encoding="UTF-8"?>
<!-- Generated by org.testng.reporters.JUnitReportReporter -->
<testsuite hostname="Ajay" failures="0" tests="1" name="com.vtiger.leadtest.createlead.CreatNewLead" time="25.900" errors="0" timestamp="2021-08-27T11:03:51 IST" skipped="0">
  <testcase classname="com.vtiger.leadtest.createlead.CreatNewLead" name="creatLeadLeavingMandatoryFieldTest" time="25.900"/>
  <system-out/>
</testsuite> <!-- com.vtiger.leadtest.createlead.CreatNewLead -->
